<?xml version="1.0" encoding="utf-8"?><testsuites><testsuite name="pytest" errors="0" failures="0" skipped="3" tests="19" time="2.077" timestamp="2025-08-25T22:13:39.970667+08:00" hostname="CHINAMI-LKHDETD"><testcase classname="tests.conftest" name="test_user_data" time="0.001" /><testcase classname="tests.conftest" name="test_double[1-2]" time="0.001" /><testcase classname="tests.conftest" name="test_double[2-4]" time="0.001" /><testcase classname="tests.conftest" name="test_double[3-6]" time="0.000" /><testcase classname="tests.conftest" name="test_addition[1-2-3]" time="0.000" /><testcase classname="tests.conftest" name="test_addition[4-5-9]" time="0.001" /><testcase classname="tests.conftest" name="test_addition[10-20-30]" time="0.000" /><testcase classname="tests.conftest.TestBrowserCompatibility" name="test_opn_url[chrome]" time="0.000" /><testcase classname="tests.conftest.TestBrowserCompatibility" name="test_opn_url[firefox]" time="0.000" /><testcase classname="tests.conftest.TestBrowserCompatibility" name="test_opn_url[edge]" time="0.000" /><testcase classname="tests.conftest.TestBrowserCompatibility" name="test_browser_name[chrome]" time="0.000" /><testcase classname="tests.conftest.TestBrowserCompatibility" name="test_browser_name[firefox]" time="0.000" /><testcase classname="tests.conftest.TestBrowserCompatibility" name="test_browser_name[edge]" time="0.000" /><testcase classname="tests.conftest" name="test_slow_operation" time="2.003" /><testcase classname="tests.conftest" name="test_integration" time="0.001" /><testcase classname="tests.conftest" name="test_ui_functionality" time="0.000" /><testcase classname="tests.conftest" name="test_unimplemented" time="0.000"><skipped type="pytest.skip" message="功能尚未实现">E:\CodeLib\CodeLibrary\boss_say_hello\tests\conftest.py:52: 功能尚未实现</skipped></testcase><testcase classname="tests.conftest" name="test_always_skip" time="0.000"><skipped type="pytest.skip" message="总是跳过">E:\CodeLib\CodeLibrary\boss_say_hello\tests\conftest.py:56: 总是跳过</skipped></testcase><testcase classname="tests.conftest" name="test_know_issuse" time="0.001"><skipped type="pytest.xfail" message="已知问题" /></testcase></testsuite></testsuites>